<?xml version="1.0" encoding="UTF-8"?>
<!-- Generated by org.testng.reporters.JUnitReportReporter -->
<testsuite skipped="2" hostname="ech-0A9D805B" name="com.pageObjects.CreateNewAccount.test.CreateNewAccountTest" tests="3" failures="0" timestamp="13 Mar 2017 19:35:56 GMT" time="10.464" errors="0">
  <testcase name="validateFistName" time="10.464" classname="com.pageObjects.CreateNewAccount.test.CreateNewAccountTest"/>
  <testcase name="validateGender" classname="com.pageObjects.CreateNewAccount.test.CreateNewAccountTest">
    <skipped/>
  </testcase> <!-- validateGender -->
  <testcase name="selectGender" classname="com.pageObjects.CreateNewAccount.test.CreateNewAccountTest">
    <skipped/>
  </testcase> <!-- selectGender -->
</testsuite> <!-- com.pageObjects.CreateNewAccount.test.CreateNewAccountTest -->
