<?xml version="1.0" encoding="UTF-8"?>
<!-- Generated by org.testng.reporters.JUnitReportReporter -->
<testsuite skipped="0" hostname="ech-0A9D805B" name="com.pageObjects.CreateNewAccount.test.CreateNewAccountTest" tests="3" failures="0" timestamp="13 Mar 2017 01:24:08 GMT" time="29.540" errors="0">
  <testcase name="validateGender" time="10.100" classname="com.pageObjects.CreateNewAccount.test.CreateNewAccountTest"/>
  <testcase name="selectGender" time="9.827" classname="com.pageObjects.CreateNewAccount.test.CreateNewAccountTest"/>
  <testcase name="selectGender" time="9.613" classname="com.pageObjects.CreateNewAccount.test.CreateNewAccountTest"/>
</testsuite> <!-- com.pageObjects.CreateNewAccount.test.CreateNewAccountTest -->
