<?xml version="1.0" encoding="UTF-8"?>
<!-- Generated by org.testng.reporters.JUnitReportReporter -->
<testsuite skipped="0" hostname="ech-0A9D805B" name="com.configuration.test.SignUpTest" tests="1" failures="0" timestamp="09 Mar 2017 17:49:27 GMT" time="1.302" errors="0">
  <testcase name="enterInvalidEmail" time="1.302" classname="com.configuration.test.SignUpTest"/>
</testsuite> <!-- com.configuration.test.SignUpTest -->
