<?xml version="1.0" encoding="UTF-8"?>
<!-- Generated by org.testng.reporters.JUnitReportReporter -->
<testsuite skipped="0" hostname="ech-0A9D805B" name="com.pageObjects.test.SignUpTest" tests="1" failures="0" timestamp="09 Mar 2017 17:00:20 GMT" time="2.907" errors="0">
  <testcase name="enterInvalidEmail" time="2.907" classname="com.pageObjects.test.SignUpTest"/>
</testsuite> <!-- com.pageObjects.test.SignUpTest -->
