<?xml version="1.0" encoding="UTF-8"?>
<!-- Generated by org.testng.reporters.JUnitReportReporter -->
<testsuite skipped="0" hostname="ech-0A9D805B" name="com.pageObjects.CreateNewAccount.test.CreateNewAccountTest" tests="3" failures="0" timestamp="12 Mar 2017 21:11:23 GMT" time="26.397" errors="0">
  <testcase name="validateGender" time="8.116" classname="com.pageObjects.CreateNewAccount.test.CreateNewAccountTest"/>
  <testcase name="selectGender" time="8.164" classname="com.pageObjects.CreateNewAccount.test.CreateNewAccountTest"/>
  <testcase name="selectGender" time="10.117" classname="com.pageObjects.CreateNewAccount.test.CreateNewAccountTest"/>
</testsuite> <!-- com.pageObjects.CreateNewAccount.test.CreateNewAccountTest -->
