<?xml version="1.0" encoding="UTF-8"?>
<!-- Generated by org.testng.reporters.JUnitReportReporter -->
<testsuite skipped="3" hostname="ech-0A9D805B" name="com.pageObjects.CreateNewAccount.test.CreateNewAccountTest" tests="4" failures="0" timestamp="14 Mar 2017 20:45:57 GMT" time="13.135" errors="0">
  <testcase name="enterAllValidFields" time="13.135" classname="com.pageObjects.CreateNewAccount.test.CreateNewAccountTest"/>
  <testcase name="validateFistName" classname="com.pageObjects.CreateNewAccount.test.CreateNewAccountTest">
    <skipped/>
  </testcase> <!-- validateFistName -->
  <testcase name="validateGender" classname="com.pageObjects.CreateNewAccount.test.CreateNewAccountTest">
    <skipped/>
  </testcase> <!-- validateGender -->
  <testcase name="selectGender" classname="com.pageObjects.CreateNewAccount.test.CreateNewAccountTest">
    <skipped/>
  </testcase> <!-- selectGender -->
</testsuite> <!-- com.pageObjects.CreateNewAccount.test.CreateNewAccountTest -->
